# JRE version: OpenJDK Runtime Environment (23.0.2+7) (build 23.0.2+7-58)
# Java VM: OpenJDK 64-Bit Server VM (23.0.2+7-58, mixed mode, sharing, tiered, compressed oops, compressed class ptrs, g1 gc, windows-amd64)
GC Precious Log:
 CardTable entry size: 512
 Card Set container configuration: InlinePtr #cards 5 size 8 Array Of Cards #cards 10 size 36 Howl #buckets 4 coarsen threshold 1843 Howl Bitmap #cards 512 size 80 coarsen threshold 460 Card regions per heap region 1 cards per card region 2048
 CPUs: 8 total, 8 available
 Memory: 24567M
 Large Page Support: Disabled
 NUMA Support: Disabled
 Compressed Oops: Enabled (32-bit)
 Heap Region Size: 1M
 Heap Min Capacity: 256M
 Heap Initial Capacity: 256M
 Heap Max Capacity: 512M
 Pre-touch: Disabled
 Parallel Workers: 8
 Concurrent Workers: 2
 Concurrent Refinement Workers: 8
 Periodic GC: Disabled
Heap:
 garbage-first heap   total reserved 524288K, committed 262144K, used 148219K [0x00000000e0000000, 0x0000000100000000)
  region size 1024K, 41 young (41984K), 8 survivors (8192K)
 Metaspace       used 88937K, committed 93888K, reserved 458752K
  class space    used 12326K, committed 14464K, reserved 327680K
GC Heap History (20 events):
Event: 556.809 GC heap before
{Heap before GC invocations=19 (full 0):
 garbage-first heap   total reserved 524288K, committed 262144K, used 229098K [0x00000000e0000000, 0x0000000100000000)
  region size 1024K, 99 young (101376K), 6 survivors (6144K)
 Metaspace       used 93917K, committed 96448K, reserved 458752K
  class space    used 13547K, committed 14720K, reserved 327680K
}
Event: 556.827 GC heap after
{Heap after GC invocations=20 (full 0):
 garbage-first heap   total reserved 524288K, committed 262144K, used 147025K [0x00000000e0000000, 0x0000000100000000)
  region size 1024K, 13 young (13312K), 13 survivors (13312K)
 Metaspace       used 93917K, committed 96448K, reserved 458752K
  class space    used 13547K, committed 14720K, reserved 327680K
}
Event: 583.815 GC heap before
{Heap before GC invocations=20 (full 0):
 garbage-first heap   total reserved 524288K, committed 262144K, used 234065K [0x00000000e0000000, 0x0000000100000000)
  region size 1024K, 96 young (98304K), 13 survivors (13312K)
 Metaspace       used 94467K, committed 97088K, reserved 458752K
  class space    used 13563K, committed 14784K, reserved 327680K
}
Event: 583.826 GC heap after
{Heap after GC invocations=21 (full 0):
 garbage-first heap   total reserved 524288K, committed 262144K, used 148729K [0x00000000e0000000, 0x0000000100000000)
  region size 1024K, 6 young (6144K), 6 survivors (6144K)
 Metaspace       used 94467K, committed 97088K, reserved 458752K
  class space    used 13563K, committed 14784K, reserved 327680K
}
Event: 824.417 GC heap before
{Heap before GC invocations=21 (full 0):
 garbage-first heap   total reserved 524288K, committed 262144K, used 233721K [0x00000000e0000000, 0x0000000100000000)
  region size 1024K, 90 young (92160K), 6 survivors (6144K)
 Metaspace       used 95465K, committed 98048K, reserved 458752K
  class space    used 13639K, committed 14848K, reserved 327680K
}
Event: 824.423 GC heap after
{Heap after GC invocations=22 (full 0):
 garbage-first heap   total reserved 524288K, committed 262144K, used 145395K [0x00000000e0000000, 0x0000000100000000)
  region size 1024K, 4 young (4096K), 4 survivors (4096K)
 Metaspace       used 95465K, committed 98048K, reserved 458752K
  class space    used 13639K, committed 14848K, reserved 327680K
}
Event: 1058.374 GC heap before
{Heap before GC invocations=23 (full 0):
 garbage-first heap   total reserved 524288K, committed 262144K, used 234483K [0x00000000e0000000, 0x0000000100000000)
  region size 1024K, 94 young (96256K), 4 survivors (4096K)
 Metaspace       used 87337K, committed 93824K, reserved 458752K
  class space    used 12238K, committed 14464K, reserved 327680K
}
Event: 1058.387 GC heap after
{Heap after GC invocations=24 (full 0):
 garbage-first heap   total reserved 524288K, committed 262144K, used 137025K [0x00000000e0000000, 0x0000000100000000)
  region size 1024K, 8 young (8192K), 8 survivors (8192K)
 Metaspace       used 87337K, committed 93824K, reserved 458752K
  class space    used 12238K, committed 14464K, reserved 327680K
}
Event: 1535.334 GC heap before
{Heap before GC invocations=24 (full 0):
 garbage-first heap   total reserved 524288K, committed 262144K, used 238401K [0x00000000e0000000, 0x0000000100000000)
  region size 1024K, 105 young (107520K), 8 survivors (8192K)
 Metaspace       used 88026K, committed 93888K, reserved 458752K
  class space    used 12289K, committed 14464K, reserved 327680K
}
Event: 1535.347 GC heap after
{Heap after GC invocations=25 (full 0):
 garbage-first heap   total reserved 524288K, committed 262144K, used 119972K [0x00000000e0000000, 0x0000000100000000)
  region size 1024K, 9 young (9216K), 9 survivors (9216K)
 Metaspace       used 88026K, committed 93888K, reserved 458752K
  class space    used 12289K, committed 14464K, reserved 327680K
}
Event: 1586.575 GC heap before
{Heap before GC invocations=25 (full 0):
 garbage-first heap   total reserved 524288K, committed 262144K, used 239780K [0x00000000e0000000, 0x0000000100000000)
  region size 1024K, 122 young (124928K), 9 survivors (9216K)
 Metaspace       used 88547K, committed 93888K, reserved 458752K
  class space    used 12330K, committed 14464K, reserved 327680K
}
Event: 1586.584 GC heap after
{Heap after GC invocations=26 (full 0):
 garbage-first heap   total reserved 524288K, committed 262144K, used 116446K [0x00000000e0000000, 0x0000000100000000)
  region size 1024K, 8 young (8192K), 8 survivors (8192K)
 Metaspace       used 88547K, committed 93888K, reserved 458752K
  class space    used 12330K, committed 14464K, reserved 327680K
}
Event: 1586.695 GC heap before
{Heap before GC invocations=26 (full 0):
 garbage-first heap   total reserved 524288K, committed 262144K, used 124638K [0x00000000e0000000, 0x0000000100000000)
  region size 1024K, 18 young (18432K), 8 survivors (8192K)
 Metaspace       used 88570K, committed 93888K, reserved 458752K
  class space    used 12333K, committed 14464K, reserved 327680K
}
Event: 1586.702 GC heap after
{Heap after GC invocations=27 (full 0):
 garbage-first heap   total reserved 524288K, committed 262144K, used 112935K [0x00000000e0000000, 0x0000000100000000)
  region size 1024K, 5 young (5120K), 5 survivors (5120K)
 Metaspace       used 88570K, committed 93888K, reserved 458752K
  class space    used 12333K, committed 14464K, reserved 327680K
}
Event: 2080.777 GC heap before
{Heap before GC invocations=28 (full 0):
 garbage-first heap   total reserved 524288K, committed 262144K, used 232743K [0x00000000e0000000, 0x0000000100000000)
  region size 1024K, 118 young (120832K), 5 survivors (5120K)
 Metaspace       used 88730K, committed 93888K, reserved 458752K
  class space    used 12318K, committed 14464K, reserved 327680K
}
Event: 2080.784 GC heap after
{Heap after GC invocations=29 (full 0):
 garbage-first heap   total reserved 524288K, committed 262144K, used 116885K [0x00000000e0000000, 0x0000000100000000)
  region size 1024K, 8 young (8192K), 8 survivors (8192K)
 Metaspace       used 88730K, committed 93888K, reserved 458752K
  class space    used 12318K, committed 14464K, reserved 327680K
}
Event: 2157.411 GC heap before
{Heap before GC invocations=29 (full 0):
 garbage-first heap   total reserved 524288K, committed 262144K, used 234645K [0x00000000e0000000, 0x0000000100000000)
  region size 1024K, 120 young (122880K), 8 survivors (8192K)
 Metaspace       used 88936K, committed 93888K, reserved 458752K
  class space    used 12331K, committed 14464K, reserved 327680K
}
Event: 2157.421 GC heap after
{Heap after GC invocations=30 (full 0):
 garbage-first heap   total reserved 524288K, committed 262144K, used 115083K [0x00000000e0000000, 0x0000000100000000)
  region size 1024K, 10 young (10240K), 10 survivors (10240K)
 Metaspace       used 88936K, committed 93888K, reserved 458752K
  class space    used 12331K, committed 14464K, reserved 327680K
}
Event: 2157.436 GC heap before
{Heap before GC invocations=30 (full 0):
 garbage-first heap   total reserved 524288K, committed 262144K, used 116107K [0x00000000e0000000, 0x0000000100000000)
  region size 1024K, 13 young (13312K), 10 survivors (10240K)
 Metaspace       used 88941K, committed 93888K, reserved 458752K
  class space    used 12331K, committed 14464K, reserved 327680K
}
Event: 2157.441 GC heap after
{Heap after GC invocations=31 (full 0):
 garbage-first heap   total reserved 524288K, committed 262144K, used 113403K [0x00000000e0000000, 0x0000000100000000)
  region size 1024K, 8 young (8192K), 8 survivors (8192K)
 Metaspace       used 88941K, committed 93888K, reserved 458752K
  class space    used 12331K, committed 14464K, reserved 327680K
}

